{"/home/webreflection/code/wrist/test.js":{"path":"/home/webreflection/code/wrist/test.js","s":{"1":1,"2":1,"3":0,"4":1,"5":1,"6":1,"7":1,"8":1,"9":1,"10":1,"11":1,"12":1,"13":1,"14":1,"15":1,"16":1,"17":1,"18":1,"19":1,"20":1,"21":1,"22":1,"23":1,"24":1,"25":1,"26":1,"27":1,"28":1,"29":1,"30":1,"31":1,"32":1,"33":1,"34":1,"35":1,"36":1,"37":1,"38":1,"39":1,"40":1,"41":1,"42":1,"43":1,"44":1,"45":1,"46":1,"47":1,"48":1,"49":1,"50":1,"51":1,"52":1,"53":1,"54":1,"55":1,"56":1,"57":1,"58":1,"59":1,"60":1,"61":1,"62":1,"63":1,"64":1,"65":1,"66":1,"67":1,"68":1,"69":1,"70":2,"71":1,"72":1,"73":1,"74":1,"75":1,"76":1,"77":1,"78":1,"79":1,"80":1,"81":1,"82":1,"83":1,"84":1,"85":1,"86":2,"87":1,"88":1,"89":1,"90":1,"91":1,"92":1,"93":1,"94":1,"95":0,"96":1,"97":1,"98":1,"99":1,"100":1,"101":1,"102":1,"103":1,"104":1,"105":1,"106":1,"107":1,"108":1,"109":1,"110":1,"111":0,"112":0,"113":1,"114":1,"115":1,"116":1,"117":1,"118":2,"119":2,"120":2,"121":2,"122":1,"123":1,"124":1,"125":1,"126":1,"127":1,"128":1},"b":{"1":[0,1],"2":[1,0]},"f":{"1":1,"2":1,"3":1,"4":1,"5":1,"6":1,"7":1,"8":1,"9":1,"10":1,"11":1,"12":2,"13":1,"14":1,"15":1,"16":2,"17":1,"18":1,"19":0,"20":1,"21":1,"22":1,"23":1,"24":2,"25":1,"26":1},"fnMap":{"1":{"name":"(anonymous_1)","line":17,"loc":{"start":{"line":17,"column":11},"end":{"line":17,"column":27}}},"2":{"name":"watcher","line":18,"loc":{"start":{"line":18,"column":27},"end":{"line":18,"column":62}}},"3":{"name":"(anonymous_3)","line":30,"loc":{"start":{"line":30,"column":11},"end":{"line":30,"column":27}}},"4":{"name":"watcher","line":31,"loc":{"start":{"line":31,"column":30},"end":{"line":31,"column":65}}},"5":{"name":"(anonymous_5)","line":43,"loc":{"start":{"line":43,"column":11},"end":{"line":43,"column":27}}},"6":{"name":"(anonymous_6)","line":44,"loc":{"start":{"line":44,"column":41},"end":{"line":44,"column":69}}},"7":{"name":"(anonymous_7)","line":60,"loc":{"start":{"line":60,"column":11},"end":{"line":60,"column":27}}},"8":{"name":"(anonymous_8)","line":64,"loc":{"start":{"line":64,"column":39},"end":{"line":64,"column":67}}},"9":{"name":"(anonymous_9)","line":79,"loc":{"start":{"line":79,"column":11},"end":{"line":79,"column":27}}},"10":{"name":"Class","line":81,"loc":{"start":{"line":81,"column":2},"end":{"line":81,"column":19}}},"11":{"name":"watch","line":82,"loc":{"start":{"line":82,"column":2},"end":{"line":82,"column":35}}},"12":{"name":"(anonymous_12)","line":91,"loc":{"start":{"line":91,"column":9},"end":{"line":91,"column":21}}},"13":{"name":"(anonymous_13)","line":92,"loc":{"start":{"line":92,"column":9},"end":{"line":92,"column":22}}},"14":{"name":"(anonymous_14)","line":101,"loc":{"start":{"line":101,"column":11},"end":{"line":101,"column":27}}},"15":{"name":"watch","line":103,"loc":{"start":{"line":103,"column":2},"end":{"line":103,"column":35}}},"16":{"name":"(anonymous_16)","line":112,"loc":{"start":{"line":112,"column":9},"end":{"line":112,"column":21}}},"17":{"name":"(anonymous_17)","line":113,"loc":{"start":{"line":113,"column":9},"end":{"line":113,"column":22}}},"18":{"name":"(anonymous_18)","line":121,"loc":{"start":{"line":121,"column":11},"end":{"line":121,"column":27}}},"19":{"name":"watch","line":123,"loc":{"start":{"line":123,"column":2},"end":{"line":123,"column":35}}},"20":{"name":"(anonymous_20)","line":130,"loc":{"start":{"line":130,"column":9},"end":{"line":130,"column":21}}},"21":{"name":"(anonymous_21)","line":131,"loc":{"start":{"line":131,"column":9},"end":{"line":131,"column":22}}},"22":{"name":"(anonymous_22)","line":144,"loc":{"start":{"line":144,"column":11},"end":{"line":144,"column":27}}},"23":{"name":"check","line":151,"loc":{"start":{"line":151,"column":2},"end":{"line":151,"column":30}}},"24":{"name":"(anonymous_24)","line":155,"loc":{"start":{"line":155,"column":46},"end":{"line":155,"column":74}}},"25":{"name":"(anonymous_25)","line":162,"loc":{"start":{"line":162,"column":15},"end":{"line":162,"column":27}}},"26":{"name":"(anonymous_26)","line":164,"loc":{"start":{"line":164,"column":17},"end":{"line":164,"column":29}}}},"statementMap":{"1":{"start":{"line":1,"column":0},"end":{"line":1,"column":29}},"2":{"start":{"line":3,"column":0},"end":{"line":3,"column":58}},"3":{"start":{"line":3,"column":35},"end":{"line":3,"column":58}},"4":{"start":{"line":5,"column":0},"end":{"line":5,"column":29}},"5":{"start":{"line":6,"column":0},"end":{"line":6,"column":22}},"6":{"start":{"line":7,"column":0},"end":{"line":7,"column":31}},"7":{"start":{"line":8,"column":0},"end":{"line":8,"column":25}},"8":{"start":{"line":10,"column":0},"end":{"line":10,"column":26}},"9":{"start":{"line":12,"column":0},"end":{"line":12,"column":20}},"10":{"start":{"line":14,"column":0},"end":{"line":14,"column":49}},"11":{"start":{"line":17,"column":0},"end":{"line":28,"column":3}},"12":{"start":{"line":18,"column":2},"end":{"line":27,"column":5}},"13":{"start":{"line":19,"column":4},"end":{"line":19,"column":38}},"14":{"start":{"line":20,"column":4},"end":{"line":20,"column":42}},"15":{"start":{"line":21,"column":4},"end":{"line":21,"column":42}},"16":{"start":{"line":22,"column":4},"end":{"line":22,"column":50}},"17":{"start":{"line":23,"column":4},"end":{"line":23,"column":44}},"18":{"start":{"line":24,"column":4},"end":{"line":24,"column":40}},"19":{"start":{"line":25,"column":4},"end":{"line":25,"column":20}},"20":{"start":{"line":26,"column":4},"end":{"line":26,"column":11}},"21":{"start":{"line":30,"column":0},"end":{"line":41,"column":3}},"22":{"start":{"line":31,"column":2},"end":{"line":40,"column":5}},"23":{"start":{"line":32,"column":4},"end":{"line":32,"column":36}},"24":{"start":{"line":33,"column":4},"end":{"line":33,"column":42}},"25":{"start":{"line":34,"column":4},"end":{"line":34,"column":45}},"26":{"start":{"line":35,"column":4},"end":{"line":35,"column":45}},"27":{"start":{"line":36,"column":4},"end":{"line":36,"column":46}},"28":{"start":{"line":37,"column":4},"end":{"line":37,"column":43}},"29":{"start":{"line":38,"column":4},"end":{"line":38,"column":23}},"30":{"start":{"line":39,"column":4},"end":{"line":39,"column":11}},"31":{"start":{"line":43,"column":0},"end":{"line":54,"column":3}},"32":{"start":{"line":44,"column":2},"end":{"line":53,"column":5}},"33":{"start":{"line":45,"column":4},"end":{"line":45,"column":37}},"34":{"start":{"line":46,"column":4},"end":{"line":46,"column":42}},"35":{"start":{"line":47,"column":4},"end":{"line":47,"column":42}},"36":{"start":{"line":48,"column":4},"end":{"line":48,"column":50}},"37":{"start":{"line":49,"column":4},"end":{"line":49,"column":46}},"38":{"start":{"line":50,"column":4},"end":{"line":50,"column":22}},"39":{"start":{"line":51,"column":4},"end":{"line":51,"column":20}},"40":{"start":{"line":52,"column":4},"end":{"line":52,"column":11}},"41":{"start":{"line":56,"column":0},"end":{"line":56,"column":15}},"42":{"start":{"line":57,"column":0},"end":{"line":57,"column":20}},"43":{"start":{"line":58,"column":0},"end":{"line":58,"column":17}},"44":{"start":{"line":60,"column":0},"end":{"line":77,"column":3}},"45":{"start":{"line":61,"column":2},"end":{"line":61,"column":31}},"46":{"start":{"line":62,"column":2},"end":{"line":62,"column":22}},"47":{"start":{"line":63,"column":2},"end":{"line":63,"column":12}},"48":{"start":{"line":64,"column":2},"end":{"line":70,"column":5}},"49":{"start":{"line":65,"column":4},"end":{"line":65,"column":8}},"50":{"start":{"line":66,"column":4},"end":{"line":66,"column":40}},"51":{"start":{"line":67,"column":4},"end":{"line":67,"column":42}},"52":{"start":{"line":68,"column":4},"end":{"line":68,"column":44}},"53":{"start":{"line":69,"column":4},"end":{"line":69,"column":44}},"54":{"start":{"line":71,"column":2},"end":{"line":71,"column":34}},"55":{"start":{"line":72,"column":2},"end":{"line":72,"column":15}},"56":{"start":{"line":73,"column":2},"end":{"line":73,"column":15}},"57":{"start":{"line":74,"column":2},"end":{"line":74,"column":36}},"58":{"start":{"line":75,"column":2},"end":{"line":75,"column":20}},"59":{"start":{"line":76,"column":2},"end":{"line":76,"column":9}},"60":{"start":{"line":79,"column":0},"end":{"line":99,"column":3}},"61":{"start":{"line":80,"column":2},"end":{"line":80,"column":34}},"62":{"start":{"line":81,"column":2},"end":{"line":81,"column":21}},"63":{"start":{"line":82,"column":2},"end":{"line":87,"column":3}},"64":{"start":{"line":83,"column":4},"end":{"line":83,"column":40}},"65":{"start":{"line":84,"column":4},"end":{"line":84,"column":42}},"66":{"start":{"line":85,"column":4},"end":{"line":85,"column":42}},"67":{"start":{"line":86,"column":4},"end":{"line":86,"column":42}},"68":{"start":{"line":88,"column":2},"end":{"line":88,"column":12}},"69":{"start":{"line":89,"column":2},"end":{"line":93,"column":5}},"70":{"start":{"line":91,"column":23},"end":{"line":91,"column":32}},"71":{"start":{"line":92,"column":24},"end":{"line":92,"column":30}},"72":{"start":{"line":94,"column":2},"end":{"line":94,"column":22}},"73":{"start":{"line":95,"column":2},"end":{"line":95,"column":32}},"74":{"start":{"line":96,"column":2},"end":{"line":96,"column":14}},"75":{"start":{"line":97,"column":2},"end":{"line":97,"column":34}},"76":{"start":{"line":98,"column":2},"end":{"line":98,"column":9}},"77":{"start":{"line":101,"column":0},"end":{"line":119,"column":3}},"78":{"start":{"line":102,"column":2},"end":{"line":102,"column":28}},"79":{"start":{"line":103,"column":2},"end":{"line":108,"column":3}},"80":{"start":{"line":104,"column":4},"end":{"line":104,"column":40}},"81":{"start":{"line":105,"column":4},"end":{"line":105,"column":42}},"82":{"start":{"line":106,"column":4},"end":{"line":106,"column":42}},"83":{"start":{"line":107,"column":4},"end":{"line":107,"column":42}},"84":{"start":{"line":109,"column":2},"end":{"line":109,"column":12}},"85":{"start":{"line":110,"column":2},"end":{"line":114,"column":5}},"86":{"start":{"line":112,"column":23},"end":{"line":112,"column":32}},"87":{"start":{"line":113,"column":24},"end":{"line":113,"column":30}},"88":{"start":{"line":115,"column":2},"end":{"line":115,"column":32}},"89":{"start":{"line":116,"column":2},"end":{"line":116,"column":14}},"90":{"start":{"line":117,"column":2},"end":{"line":117,"column":34}},"91":{"start":{"line":118,"column":2},"end":{"line":118,"column":9}},"92":{"start":{"line":121,"column":0},"end":{"line":141,"column":3}},"93":{"start":{"line":122,"column":2},"end":{"line":122,"column":33}},"94":{"start":{"line":123,"column":2},"end":{"line":125,"column":3}},"95":{"start":{"line":124,"column":4},"end":{"line":124,"column":8}},"96":{"start":{"line":126,"column":2},"end":{"line":126,"column":12}},"97":{"start":{"line":127,"column":2},"end":{"line":127,"column":12}},"98":{"start":{"line":128,"column":2},"end":{"line":132,"column":5}},"99":{"start":{"line":130,"column":23},"end":{"line":130,"column":32}},"100":{"start":{"line":131,"column":24},"end":{"line":131,"column":30}},"101":{"start":{"line":133,"column":2},"end":{"line":133,"column":32}},"102":{"start":{"line":134,"column":2},"end":{"line":135,"column":48}},"103":{"start":{"line":136,"column":2},"end":{"line":136,"column":15}},"104":{"start":{"line":137,"column":2},"end":{"line":137,"column":40}},"105":{"start":{"line":138,"column":2},"end":{"line":138,"column":35}},"106":{"start":{"line":139,"column":2},"end":{"line":139,"column":34}},"107":{"start":{"line":140,"column":2},"end":{"line":140,"column":9}},"108":{"start":{"line":144,"column":0},"end":{"line":172,"column":3}},"109":{"start":{"line":145,"column":2},"end":{"line":150,"column":3}},"110":{"start":{"line":146,"column":4},"end":{"line":146,"column":60}},"111":{"start":{"line":148,"column":4},"end":{"line":148,"column":63}},"112":{"start":{"line":149,"column":4},"end":{"line":149,"column":24}},"113":{"start":{"line":151,"column":2},"end":{"line":171,"column":3}},"114":{"start":{"line":152,"column":4},"end":{"line":152,"column":32}},"115":{"start":{"line":153,"column":4},"end":{"line":153,"column":70}},"116":{"start":{"line":154,"column":4},"end":{"line":154,"column":19}},"117":{"start":{"line":155,"column":4},"end":{"line":160,"column":7}},"118":{"start":{"line":156,"column":6},"end":{"line":156,"column":45}},"119":{"start":{"line":157,"column":6},"end":{"line":157,"column":48}},"120":{"start":{"line":158,"column":6},"end":{"line":158,"column":54}},"121":{"start":{"line":159,"column":6},"end":{"line":159,"column":19}},"122":{"start":{"line":161,"column":4},"end":{"line":161,"column":22}},"123":{"start":{"line":162,"column":4},"end":{"line":170,"column":7}},"124":{"start":{"line":163,"column":6},"end":{"line":163,"column":25}},"125":{"start":{"line":164,"column":6},"end":{"line":169,"column":12}},"126":{"start":{"line":165,"column":8},"end":{"line":165,"column":26}},"127":{"start":{"line":166,"column":8},"end":{"line":166,"column":15}},"128":{"start":{"line":168,"column":8},"end":{"line":168,"column":29}}},"branchMap":{"1":{"line":3,"type":"if","locations":[{"start":{"line":3,"column":0},"end":{"line":3,"column":0}},{"start":{"line":3,"column":0},"end":{"line":3,"column":0}}]},"2":{"line":145,"type":"if","locations":[{"start":{"line":145,"column":2},"end":{"line":145,"column":2}},{"start":{"line":145,"column":2},"end":{"line":145,"column":2}}]}}},"/home/webreflection/code/wrist/wrist.js":{"path":"/home/webreflection/code/wrist/wrist.js","s":{"1":1,"2":1,"3":8,"4":6,"5":2,"6":6,"7":6,"8":16,"9":6,"10":1,"11":1,"12":1,"13":6,"14":6,"15":6,"16":1,"17":8,"18":10,"19":10,"20":9,"21":8,"22":8,"23":8,"24":8,"25":8,"26":8,"27":8,"28":1,"29":4,"30":4,"31":8,"32":0,"33":1,"34":8,"35":8,"36":8,"37":8,"38":8,"39":8,"40":8,"41":8,"42":8,"43":8,"44":6,"45":2,"46":2,"47":8,"48":1,"49":1,"50":1,"51":8,"52":8,"53":8,"54":8,"55":8,"56":1,"57":1,"58":8,"59":1,"60":1},"b":{"1":[6,2],"2":[8,8],"3":[6,0],"4":[0,1],"5":[10,6],"6":[9,1],"7":[8,1],"8":[8,2],"9":[8,4],"10":[8,4],"11":[2,6],"12":[2,6],"13":[6,2],"14":[8,0],"15":[8,8],"16":[8,0],"17":[8,0],"18":[6,2],"19":[1,7],"20":[8,6],"21":[8,8],"22":[8,0],"23":[1,7]},"f":{"1":1,"2":8,"3":16,"4":6,"5":6,"6":6,"7":8,"8":10,"9":4,"10":4,"11":0,"12":8,"13":8},"fnMap":{"1":{"name":"(anonymous_1)","line":2,"loc":{"start":{"line":2,"column":13},"end":{"line":2,"column":26}}},"2":{"name":"(anonymous_2)","line":12,"loc":{"start":{"line":12,"column":9},"end":{"line":12,"column":25}}},"3":{"name":"(anonymous_3)","line":21,"loc":{"start":{"line":21,"column":13},"end":{"line":21,"column":29}}},"4":{"name":"(anonymous_4)","line":25,"loc":{"start":{"line":25,"column":13},"end":{"line":25,"column":29}}},"5":{"name":"Wrist","line":31,"loc":{"start":{"line":31,"column":2},"end":{"line":31,"column":19}}},"6":{"name":"createWrist","line":34,"loc":{"start":{"line":34,"column":2},"end":{"line":34,"column":31}}},"7":{"name":"createWatcher","line":40,"loc":{"start":{"line":40,"column":2},"end":{"line":40,"column":46}}},"8":{"name":"(anonymous_8)","line":42,"loc":{"start":{"line":42,"column":12},"end":{"line":42,"column":25}}},"9":{"name":"(anonymous_9)","line":60,"loc":{"start":{"line":60,"column":33},"end":{"line":60,"column":45}}},"10":{"name":"(anonymous_10)","line":61,"loc":{"start":{"line":61,"column":33},"end":{"line":61,"column":46}}},"11":{"name":"(anonymous_11)","line":70,"loc":{"start":{"line":70,"column":9},"end":{"line":70,"column":22}}},"12":{"name":"unwatch","line":81,"loc":{"start":{"line":81,"column":2},"end":{"line":81,"column":43}}},"13":{"name":"watch","line":107,"loc":{"start":{"line":107,"column":11},"end":{"line":107,"column":50}}}},"statementMap":{"1":{"start":{"line":2,"column":0},"end":{"line":126,"column":11}},"2":{"start":{"line":3,"column":2},"end":{"line":29,"column":3}},"3":{"start":{"line":13,"column":6},"end":{"line":16,"column":7}},"4":{"start":{"line":14,"column":8},"end":{"line":14,"column":48}},"5":{"start":{"line":14,"column":37},"end":{"line":14,"column":48}},"6":{"start":{"line":15,"column":8},"end":{"line":15,"column":33}},"7":{"start":{"line":15,"column":15},"end":{"line":15,"column":33}},"8":{"start":{"line":22,"column":10},"end":{"line":23,"column":26}},"9":{"start":{"line":26,"column":10},"end":{"line":26,"column":36}},"10":{"start":{"line":31,"column":2},"end":{"line":31,"column":21}},"11":{"start":{"line":32,"column":2},"end":{"line":32,"column":40}},"12":{"start":{"line":34,"column":2},"end":{"line":38,"column":3}},"13":{"start":{"line":35,"column":4},"end":{"line":35,"column":26}},"14":{"start":{"line":36,"column":4},"end":{"line":36,"column":26}},"15":{"start":{"line":37,"column":4},"end":{"line":37,"column":17}},"16":{"start":{"line":40,"column":2},"end":{"line":79,"column":3}},"17":{"start":{"line":41,"column":4},"end":{"line":64,"column":5}},"18":{"start":{"line":43,"column":8},"end":{"line":43,"column":27}},"19":{"start":{"line":44,"column":8},"end":{"line":56,"column":9}},"20":{"start":{"line":45,"column":10},"end":{"line":53,"column":11}},"21":{"start":{"line":46,"column":12},"end":{"line":46,"column":24}},"22":{"start":{"line":47,"column":12},"end":{"line":47,"column":22}},"23":{"start":{"line":48,"column":12},"end":{"line":48,"column":39}},"24":{"start":{"line":49,"column":12},"end":{"line":49,"column":18}},"25":{"start":{"line":50,"column":12},"end":{"line":50,"column":38}},"26":{"start":{"line":51,"column":12},"end":{"line":52,"column":60}},"27":{"start":{"line":52,"column":14},"end":{"line":52,"column":60}},"28":{"start":{"line":55,"column":10},"end":{"line":55,"column":31}},"29":{"start":{"line":60,"column":47},"end":{"line":60,"column":60}},"30":{"start":{"line":61,"column":48},"end":{"line":61,"column":58}},"31":{"start":{"line":66,"column":4},"end":{"line":78,"column":7}},"32":{"start":{"line":70,"column":24},"end":{"line":70,"column":57}},"33":{"start":{"line":81,"column":2},"end":{"line":104,"column":3}},"34":{"start":{"line":82,"column":4},"end":{"line":82,"column":54}},"35":{"start":{"line":83,"column":4},"end":{"line":103,"column":5}},"36":{"start":{"line":84,"column":6},"end":{"line":84,"column":28}},"37":{"start":{"line":85,"column":6},"end":{"line":85,"column":28}},"38":{"start":{"line":86,"column":6},"end":{"line":86,"column":38}},"39":{"start":{"line":87,"column":6},"end":{"line":102,"column":7}},"40":{"start":{"line":88,"column":8},"end":{"line":88,"column":31}},"41":{"start":{"line":89,"column":8},"end":{"line":101,"column":9}},"42":{"start":{"line":90,"column":10},"end":{"line":90,"column":29}},"43":{"start":{"line":91,"column":10},"end":{"line":96,"column":11}},"44":{"start":{"line":92,"column":12},"end":{"line":92,"column":40}},"45":{"start":{"line":94,"column":12},"end":{"line":94,"column":32}},"46":{"start":{"line":95,"column":12},"end":{"line":95,"column":52}},"47":{"start":{"line":97,"column":10},"end":{"line":100,"column":11}},"48":{"start":{"line":98,"column":12},"end":{"line":98,"column":61}},"49":{"start":{"line":99,"column":12},"end":{"line":99,"column":60}},"50":{"start":{"line":106,"column":2},"end":{"line":124,"column":4}},"51":{"start":{"line":108,"column":6},"end":{"line":112,"column":7}},"52":{"start":{"line":113,"column":6},"end":{"line":120,"column":7}},"53":{"start":{"line":114,"column":8},"end":{"line":114,"column":33}},"54":{"start":{"line":115,"column":8},"end":{"line":115,"column":34}},"55":{"start":{"line":116,"column":8},"end":{"line":119,"column":9}},"56":{"start":{"line":117,"column":10},"end":{"line":117,"column":56}},"57":{"start":{"line":118,"column":10},"end":{"line":118,"column":55}},"58":{"start":{"line":121,"column":6},"end":{"line":121,"column":67}},"59":{"start":{"line":128,"column":0},"end":{"line":128,"column":45}},"60":{"start":{"line":128,"column":6},"end":{"line":128,"column":29}}},"branchMap":{"1":{"line":13,"type":"if","locations":[{"start":{"line":13,"column":6},"end":{"line":13,"column":6}},{"start":{"line":13,"column":6},"end":{"line":13,"column":6}}]},"2":{"line":14,"type":"binary-expr","locations":[{"start":{"line":14,"column":15},"end":{"line":14,"column":16}},{"start":{"line":14,"column":20},"end":{"line":14,"column":35}}]},"3":{"line":15,"type":"if","locations":[{"start":{"line":15,"column":8},"end":{"line":15,"column":8}},{"start":{"line":15,"column":8},"end":{"line":15,"column":8}}]},"4":{"line":18,"type":"cond-expr","locations":[{"start":{"line":19,"column":6},"end":{"line":19,"column":17}},{"start":{"line":20,"column":6},"end":{"line":28,"column":7}}]},"5":{"line":22,"type":"cond-expr","locations":[{"start":{"line":23,"column":12},"end":{"line":23,"column":21}},{"start":{"line":23,"column":24},"end":{"line":23,"column":25}}]},"6":{"line":44,"type":"if","locations":[{"start":{"line":44,"column":8},"end":{"line":44,"column":8}},{"start":{"line":44,"column":8},"end":{"line":44,"column":8}}]},"7":{"line":45,"type":"if","locations":[{"start":{"line":45,"column":10},"end":{"line":45,"column":10}},{"start":{"line":45,"column":10},"end":{"line":45,"column":10}}]},"8":{"line":59,"type":"binary-expr","locations":[{"start":{"line":59,"column":19},"end":{"line":59,"column":35}},{"start":{"line":59,"column":39},"end":{"line":59,"column":44}}]},"9":{"line":60,"type":"binary-expr","locations":[{"start":{"line":60,"column":15},"end":{"line":60,"column":29}},{"start":{"line":60,"column":33},"end":{"line":60,"column":62}}]},"10":{"line":61,"type":"binary-expr","locations":[{"start":{"line":61,"column":15},"end":{"line":61,"column":29}},{"start":{"line":61,"column":33},"end":{"line":61,"column":60}}]},"11":{"line":62,"type":"cond-expr","locations":[{"start":{"line":63,"column":8},"end":{"line":63,"column":24}},{"start":{"line":63,"column":27},"end":{"line":63,"column":46}}]},"12":{"line":69,"type":"cond-expr","locations":[{"start":{"line":69,"column":32},"end":{"line":69,"column":36}},{"start":{"line":69,"column":39},"end":{"line":69,"column":49}}]},"13":{"line":73,"type":"cond-expr","locations":[{"start":{"line":74,"column":8},"end":{"line":74,"column":29}},{"start":{"line":75,"column":9},"end":{"line":75,"column":32}}]},"14":{"line":83,"type":"if","locations":[{"start":{"line":83,"column":4},"end":{"line":83,"column":4}},{"start":{"line":83,"column":4},"end":{"line":83,"column":4}}]},"15":{"line":83,"type":"binary-expr","locations":[{"start":{"line":83,"column":8},"end":{"line":83,"column":13}},{"start":{"line":83,"column":17},"end":{"line":83,"column":30}}]},"16":{"line":87,"type":"if","locations":[{"start":{"line":87,"column":6},"end":{"line":87,"column":6}},{"start":{"line":87,"column":6},"end":{"line":87,"column":6}}]},"17":{"line":89,"type":"if","locations":[{"start":{"line":89,"column":8},"end":{"line":89,"column":8}},{"start":{"line":89,"column":8},"end":{"line":89,"column":8}}]},"18":{"line":91,"type":"if","locations":[{"start":{"line":91,"column":10},"end":{"line":91,"column":10}},{"start":{"line":91,"column":10},"end":{"line":91,"column":10}}]},"19":{"line":97,"type":"if","locations":[{"start":{"line":97,"column":10},"end":{"line":97,"column":10}},{"start":{"line":97,"column":10},"end":{"line":97,"column":10}}]},"20":{"line":109,"type":"binary-expr","locations":[{"start":{"line":109,"column":16},"end":{"line":109,"column":30}},{"start":{"line":109,"column":34},"end":{"line":109,"column":53}}]},"21":{"line":110,"type":"binary-expr","locations":[{"start":{"line":110,"column":18},"end":{"line":110,"column":29}},{"start":{"line":110,"column":33},"end":{"line":110,"column":67}}]},"22":{"line":113,"type":"if","locations":[{"start":{"line":113,"column":6},"end":{"line":113,"column":6}},{"start":{"line":113,"column":6},"end":{"line":113,"column":6}}]},"23":{"line":116,"type":"if","locations":[{"start":{"line":116,"column":8},"end":{"line":116,"column":8}},{"start":{"line":116,"column":8},"end":{"line":116,"column":8}}]}}}}