{"/home/webreflection/code/wrist/wrist.js":{"path":"/home/webreflection/code/wrist/wrist.js","s":{"1":1,"2":1,"3":8,"4":6,"5":2,"6":6,"7":6,"8":16,"9":6,"10":1,"11":1,"12":1,"13":6,"14":6,"15":6,"16":1,"17":8,"18":10,"19":10,"20":9,"21":8,"22":8,"23":8,"24":8,"25":8,"26":8,"27":8,"28":1,"29":4,"30":4,"31":8,"32":0,"33":1,"34":8,"35":8,"36":8,"37":8,"38":8,"39":8,"40":8,"41":8,"42":8,"43":8,"44":6,"45":2,"46":2,"47":8,"48":1,"49":1,"50":1,"51":8,"52":8,"53":8,"54":8,"55":8,"56":1,"57":1,"58":8,"59":1,"60":1},"b":{"1":[6,2],"2":[8,8],"3":[6,0],"4":[0,1],"5":[10,6],"6":[9,1],"7":[8,1],"8":[8,2],"9":[8,4],"10":[8,4],"11":[2,6],"12":[2,6],"13":[6,2],"14":[8,0],"15":[8,8],"16":[8,0],"17":[8,0],"18":[6,2],"19":[1,7],"20":[8,6],"21":[8,8],"22":[8,0],"23":[1,7]},"f":{"1":1,"2":8,"3":16,"4":6,"5":6,"6":6,"7":8,"8":10,"9":4,"10":4,"11":0,"12":8,"13":8},"fnMap":{"1":{"name":"(anonymous_1)","line":23,"loc":{"start":{"line":23,"column":13},"end":{"line":23,"column":26}}},"2":{"name":"(anonymous_2)","line":33,"loc":{"start":{"line":33,"column":9},"end":{"line":33,"column":25}}},"3":{"name":"(anonymous_3)","line":42,"loc":{"start":{"line":42,"column":13},"end":{"line":42,"column":29}}},"4":{"name":"(anonymous_4)","line":46,"loc":{"start":{"line":46,"column":13},"end":{"line":46,"column":29}}},"5":{"name":"Wrist","line":52,"loc":{"start":{"line":52,"column":2},"end":{"line":52,"column":19}}},"6":{"name":"createWrist","line":55,"loc":{"start":{"line":55,"column":2},"end":{"line":55,"column":31}}},"7":{"name":"createWatcher","line":61,"loc":{"start":{"line":61,"column":2},"end":{"line":61,"column":46}}},"8":{"name":"(anonymous_8)","line":63,"loc":{"start":{"line":63,"column":12},"end":{"line":63,"column":25}}},"9":{"name":"(anonymous_9)","line":81,"loc":{"start":{"line":81,"column":33},"end":{"line":81,"column":45}}},"10":{"name":"(anonymous_10)","line":82,"loc":{"start":{"line":82,"column":33},"end":{"line":82,"column":46}}},"11":{"name":"(anonymous_11)","line":91,"loc":{"start":{"line":91,"column":9},"end":{"line":91,"column":22}}},"12":{"name":"unwatch","line":102,"loc":{"start":{"line":102,"column":2},"end":{"line":102,"column":43}}},"13":{"name":"watch","line":128,"loc":{"start":{"line":128,"column":11},"end":{"line":128,"column":50}}}},"statementMap":{"1":{"start":{"line":23,"column":0},"end":{"line":147,"column":11}},"2":{"start":{"line":24,"column":2},"end":{"line":50,"column":3}},"3":{"start":{"line":34,"column":6},"end":{"line":37,"column":7}},"4":{"start":{"line":35,"column":8},"end":{"line":35,"column":48}},"5":{"start":{"line":35,"column":37},"end":{"line":35,"column":48}},"6":{"start":{"line":36,"column":8},"end":{"line":36,"column":33}},"7":{"start":{"line":36,"column":15},"end":{"line":36,"column":33}},"8":{"start":{"line":43,"column":10},"end":{"line":44,"column":26}},"9":{"start":{"line":47,"column":10},"end":{"line":47,"column":36}},"10":{"start":{"line":52,"column":2},"end":{"line":52,"column":21}},"11":{"start":{"line":53,"column":2},"end":{"line":53,"column":40}},"12":{"start":{"line":55,"column":2},"end":{"line":59,"column":3}},"13":{"start":{"line":56,"column":4},"end":{"line":56,"column":26}},"14":{"start":{"line":57,"column":4},"end":{"line":57,"column":26}},"15":{"start":{"line":58,"column":4},"end":{"line":58,"column":17}},"16":{"start":{"line":61,"column":2},"end":{"line":100,"column":3}},"17":{"start":{"line":62,"column":4},"end":{"line":85,"column":5}},"18":{"start":{"line":64,"column":8},"end":{"line":64,"column":27}},"19":{"start":{"line":65,"column":8},"end":{"line":77,"column":9}},"20":{"start":{"line":66,"column":10},"end":{"line":74,"column":11}},"21":{"start":{"line":67,"column":12},"end":{"line":67,"column":24}},"22":{"start":{"line":68,"column":12},"end":{"line":68,"column":22}},"23":{"start":{"line":69,"column":12},"end":{"line":69,"column":39}},"24":{"start":{"line":70,"column":12},"end":{"line":70,"column":18}},"25":{"start":{"line":71,"column":12},"end":{"line":71,"column":38}},"26":{"start":{"line":72,"column":12},"end":{"line":73,"column":60}},"27":{"start":{"line":73,"column":14},"end":{"line":73,"column":60}},"28":{"start":{"line":76,"column":10},"end":{"line":76,"column":31}},"29":{"start":{"line":81,"column":47},"end":{"line":81,"column":60}},"30":{"start":{"line":82,"column":48},"end":{"line":82,"column":58}},"31":{"start":{"line":87,"column":4},"end":{"line":99,"column":7}},"32":{"start":{"line":91,"column":24},"end":{"line":91,"column":57}},"33":{"start":{"line":102,"column":2},"end":{"line":125,"column":3}},"34":{"start":{"line":103,"column":4},"end":{"line":103,"column":54}},"35":{"start":{"line":104,"column":4},"end":{"line":124,"column":5}},"36":{"start":{"line":105,"column":6},"end":{"line":105,"column":28}},"37":{"start":{"line":106,"column":6},"end":{"line":106,"column":28}},"38":{"start":{"line":107,"column":6},"end":{"line":107,"column":38}},"39":{"start":{"line":108,"column":6},"end":{"line":123,"column":7}},"40":{"start":{"line":109,"column":8},"end":{"line":109,"column":31}},"41":{"start":{"line":110,"column":8},"end":{"line":122,"column":9}},"42":{"start":{"line":111,"column":10},"end":{"line":111,"column":29}},"43":{"start":{"line":112,"column":10},"end":{"line":117,"column":11}},"44":{"start":{"line":113,"column":12},"end":{"line":113,"column":40}},"45":{"start":{"line":115,"column":12},"end":{"line":115,"column":32}},"46":{"start":{"line":116,"column":12},"end":{"line":116,"column":52}},"47":{"start":{"line":118,"column":10},"end":{"line":121,"column":11}},"48":{"start":{"line":119,"column":12},"end":{"line":119,"column":61}},"49":{"start":{"line":120,"column":12},"end":{"line":120,"column":60}},"50":{"start":{"line":127,"column":2},"end":{"line":145,"column":4}},"51":{"start":{"line":129,"column":6},"end":{"line":133,"column":7}},"52":{"start":{"line":134,"column":6},"end":{"line":141,"column":7}},"53":{"start":{"line":135,"column":8},"end":{"line":135,"column":33}},"54":{"start":{"line":136,"column":8},"end":{"line":136,"column":34}},"55":{"start":{"line":137,"column":8},"end":{"line":140,"column":9}},"56":{"start":{"line":138,"column":10},"end":{"line":138,"column":56}},"57":{"start":{"line":139,"column":10},"end":{"line":139,"column":55}},"58":{"start":{"line":142,"column":6},"end":{"line":142,"column":67}},"59":{"start":{"line":149,"column":0},"end":{"line":149,"column":45}},"60":{"start":{"line":149,"column":6},"end":{"line":149,"column":29}}},"branchMap":{"1":{"line":34,"type":"if","locations":[{"start":{"line":34,"column":6},"end":{"line":34,"column":6}},{"start":{"line":34,"column":6},"end":{"line":34,"column":6}}]},"2":{"line":35,"type":"binary-expr","locations":[{"start":{"line":35,"column":15},"end":{"line":35,"column":16}},{"start":{"line":35,"column":20},"end":{"line":35,"column":35}}]},"3":{"line":36,"type":"if","locations":[{"start":{"line":36,"column":8},"end":{"line":36,"column":8}},{"start":{"line":36,"column":8},"end":{"line":36,"column":8}}]},"4":{"line":39,"type":"cond-expr","locations":[{"start":{"line":40,"column":6},"end":{"line":40,"column":17}},{"start":{"line":41,"column":6},"end":{"line":49,"column":7}}]},"5":{"line":43,"type":"cond-expr","locations":[{"start":{"line":44,"column":12},"end":{"line":44,"column":21}},{"start":{"line":44,"column":24},"end":{"line":44,"column":25}}]},"6":{"line":65,"type":"if","locations":[{"start":{"line":65,"column":8},"end":{"line":65,"column":8}},{"start":{"line":65,"column":8},"end":{"line":65,"column":8}}]},"7":{"line":66,"type":"if","locations":[{"start":{"line":66,"column":10},"end":{"line":66,"column":10}},{"start":{"line":66,"column":10},"end":{"line":66,"column":10}}]},"8":{"line":80,"type":"binary-expr","locations":[{"start":{"line":80,"column":19},"end":{"line":80,"column":35}},{"start":{"line":80,"column":39},"end":{"line":80,"column":44}}]},"9":{"line":81,"type":"binary-expr","locations":[{"start":{"line":81,"column":15},"end":{"line":81,"column":29}},{"start":{"line":81,"column":33},"end":{"line":81,"column":62}}]},"10":{"line":82,"type":"binary-expr","locations":[{"start":{"line":82,"column":15},"end":{"line":82,"column":29}},{"start":{"line":82,"column":33},"end":{"line":82,"column":60}}]},"11":{"line":83,"type":"cond-expr","locations":[{"start":{"line":84,"column":8},"end":{"line":84,"column":24}},{"start":{"line":84,"column":27},"end":{"line":84,"column":46}}]},"12":{"line":90,"type":"cond-expr","locations":[{"start":{"line":90,"column":32},"end":{"line":90,"column":36}},{"start":{"line":90,"column":39},"end":{"line":90,"column":49}}]},"13":{"line":94,"type":"cond-expr","locations":[{"start":{"line":95,"column":8},"end":{"line":95,"column":29}},{"start":{"line":96,"column":9},"end":{"line":96,"column":32}}]},"14":{"line":104,"type":"if","locations":[{"start":{"line":104,"column":4},"end":{"line":104,"column":4}},{"start":{"line":104,"column":4},"end":{"line":104,"column":4}}]},"15":{"line":104,"type":"binary-expr","locations":[{"start":{"line":104,"column":8},"end":{"line":104,"column":13}},{"start":{"line":104,"column":17},"end":{"line":104,"column":30}}]},"16":{"line":108,"type":"if","locations":[{"start":{"line":108,"column":6},"end":{"line":108,"column":6}},{"start":{"line":108,"column":6},"end":{"line":108,"column":6}}]},"17":{"line":110,"type":"if","locations":[{"start":{"line":110,"column":8},"end":{"line":110,"column":8}},{"start":{"line":110,"column":8},"end":{"line":110,"column":8}}]},"18":{"line":112,"type":"if","locations":[{"start":{"line":112,"column":10},"end":{"line":112,"column":10}},{"start":{"line":112,"column":10},"end":{"line":112,"column":10}}]},"19":{"line":118,"type":"if","locations":[{"start":{"line":118,"column":10},"end":{"line":118,"column":10}},{"start":{"line":118,"column":10},"end":{"line":118,"column":10}}]},"20":{"line":130,"type":"binary-expr","locations":[{"start":{"line":130,"column":16},"end":{"line":130,"column":30}},{"start":{"line":130,"column":34},"end":{"line":130,"column":53}}]},"21":{"line":131,"type":"binary-expr","locations":[{"start":{"line":131,"column":18},"end":{"line":131,"column":29}},{"start":{"line":131,"column":33},"end":{"line":131,"column":67}}]},"22":{"line":134,"type":"if","locations":[{"start":{"line":134,"column":6},"end":{"line":134,"column":6}},{"start":{"line":134,"column":6},"end":{"line":134,"column":6}}]},"23":{"line":137,"type":"if","locations":[{"start":{"line":137,"column":8},"end":{"line":137,"column":8}},{"start":{"line":137,"column":8},"end":{"line":137,"column":8}}]}}}}