TN:
SF:/home/webreflection/code/wrist/wrist.js
FN:23,(anonymous_1)
FN:33,(anonymous_2)
FN:42,(anonymous_3)
FN:46,(anonymous_4)
FN:52,Wrist
FN:55,createWrist
FN:61,createWatcher
FN:63,(anonymous_8)
FN:81,(anonymous_9)
FN:82,(anonymous_10)
FN:91,(anonymous_11)
FN:102,unwatch
FN:128,watch
FNF:13
FNH:12
FNDA:1,(anonymous_1)
FNDA:8,(anonymous_2)
FNDA:16,(anonymous_3)
FNDA:6,(anonymous_4)
FNDA:6,Wrist
FNDA:6,createWrist
FNDA:8,createWatcher
FNDA:10,(anonymous_8)
FNDA:4,(anonymous_9)
FNDA:4,(anonymous_10)
FNDA:0,(anonymous_11)
FNDA:8,unwatch
FNDA:8,watch
DA:23,1
DA:24,1
DA:34,8
DA:35,6
DA:36,6
DA:43,16
DA:47,6
DA:52,1
DA:53,1
DA:55,1
DA:56,6
DA:57,6
DA:58,6
DA:61,1
DA:62,8
DA:64,10
DA:65,10
DA:66,9
DA:67,8
DA:68,8
DA:69,8
DA:70,8
DA:71,8
DA:72,8
DA:73,8
DA:76,1
DA:81,4
DA:82,4
DA:87,8
DA:91,0
DA:102,1
DA:103,8
DA:104,8
DA:105,8
DA:106,8
DA:107,8
DA:108,8
DA:109,8
DA:110,8
DA:111,8
DA:112,8
DA:113,6
DA:115,2
DA:116,2
DA:118,8
DA:119,1
DA:120,1
DA:127,1
DA:129,8
DA:134,8
DA:135,8
DA:136,8
DA:137,8
DA:138,1
DA:139,1
DA:142,8
DA:149,1
LF:57
LH:56
BRDA:34,1,0,6
BRDA:34,1,1,2
BRDA:35,2,0,8
BRDA:35,2,1,8
BRDA:36,3,0,6
BRDA:36,3,1,0
BRDA:39,4,0,0
BRDA:39,4,1,1
BRDA:43,5,0,10
BRDA:43,5,1,6
BRDA:65,6,0,9
BRDA:65,6,1,1
BRDA:66,7,0,8
BRDA:66,7,1,1
BRDA:80,8,0,8
BRDA:80,8,1,2
BRDA:81,9,0,8
BRDA:81,9,1,4
BRDA:82,10,0,8
BRDA:82,10,1,4
BRDA:83,11,0,2
BRDA:83,11,1,6
BRDA:90,12,0,2
BRDA:90,12,1,6
BRDA:94,13,0,6
BRDA:94,13,1,2
BRDA:104,14,0,8
BRDA:104,14,1,0
BRDA:104,15,0,8
BRDA:104,15,1,8
BRDA:108,16,0,8
BRDA:108,16,1,0
BRDA:110,17,0,8
BRDA:110,17,1,0
BRDA:112,18,0,6
BRDA:112,18,1,2
BRDA:118,19,0,1
BRDA:118,19,1,7
BRDA:130,20,0,8
BRDA:130,20,1,6
BRDA:131,21,0,8
BRDA:131,21,1,8
BRDA:134,22,0,8
BRDA:134,22,1,0
BRDA:137,23,0,1
BRDA:137,23,1,7
BRF:46
BRH:40
end_of_record
