TN:
SF:/home/webreflection/code/wrist/wrist.js
FN:2,(anonymous_1)
FN:12,(anonymous_2)
FN:21,(anonymous_3)
FN:25,(anonymous_4)
FN:31,Wrist
FN:34,createWrist
FN:40,createWatcher
FN:42,(anonymous_8)
FN:60,(anonymous_9)
FN:61,(anonymous_10)
FN:70,(anonymous_11)
FN:81,unwatch
FN:107,watch
FNF:13
FNH:12
FNDA:1,(anonymous_1)
FNDA:8,(anonymous_2)
FNDA:16,(anonymous_3)
FNDA:6,(anonymous_4)
FNDA:6,Wrist
FNDA:6,createWrist
FNDA:8,createWatcher
FNDA:10,(anonymous_8)
FNDA:4,(anonymous_9)
FNDA:4,(anonymous_10)
FNDA:0,(anonymous_11)
FNDA:8,unwatch
FNDA:8,watch
DA:2,1
DA:3,1
DA:13,8
DA:14,6
DA:15,6
DA:22,16
DA:26,6
DA:31,1
DA:32,1
DA:34,1
DA:35,6
DA:36,6
DA:37,6
DA:40,1
DA:41,8
DA:43,10
DA:44,10
DA:45,9
DA:46,8
DA:47,8
DA:48,8
DA:49,8
DA:50,8
DA:51,8
DA:52,8
DA:55,1
DA:60,4
DA:61,4
DA:66,8
DA:70,0
DA:81,1
DA:82,8
DA:83,8
DA:84,8
DA:85,8
DA:86,8
DA:87,8
DA:88,8
DA:89,8
DA:90,8
DA:91,8
DA:92,6
DA:94,2
DA:95,2
DA:97,8
DA:98,1
DA:99,1
DA:106,1
DA:108,8
DA:113,8
DA:114,8
DA:115,8
DA:116,8
DA:117,1
DA:118,1
DA:121,8
DA:128,1
LF:57
LH:56
BRDA:13,1,0,6
BRDA:13,1,1,2
BRDA:14,2,0,8
BRDA:14,2,1,8
BRDA:15,3,0,6
BRDA:15,3,1,0
BRDA:18,4,0,0
BRDA:18,4,1,1
BRDA:22,5,0,10
BRDA:22,5,1,6
BRDA:44,6,0,9
BRDA:44,6,1,1
BRDA:45,7,0,8
BRDA:45,7,1,1
BRDA:59,8,0,8
BRDA:59,8,1,2
BRDA:60,9,0,8
BRDA:60,9,1,4
BRDA:61,10,0,8
BRDA:61,10,1,4
BRDA:62,11,0,2
BRDA:62,11,1,6
BRDA:69,12,0,2
BRDA:69,12,1,6
BRDA:73,13,0,6
BRDA:73,13,1,2
BRDA:83,14,0,8
BRDA:83,14,1,0
BRDA:83,15,0,8
BRDA:83,15,1,8
BRDA:87,16,0,8
BRDA:87,16,1,0
BRDA:89,17,0,8
BRDA:89,17,1,0
BRDA:91,18,0,6
BRDA:91,18,1,2
BRDA:97,19,0,1
BRDA:97,19,1,7
BRDA:109,20,0,8
BRDA:109,20,1,6
BRDA:110,21,0,8
BRDA:110,21,1,8
BRDA:113,22,0,8
BRDA:113,22,1,0
BRDA:116,23,0,1
BRDA:116,23,1,7
BRF:46
BRH:40
end_of_record
